{"level":"info","message":"Proxying request to http://localhost:8001/api/auth/v1/register","service":"API-Gateway","timestamp":"2026-06-29T17:05:06.505Z"}
{"level":"info","message":"Proxying request to http://localhost:8001 with url = /api/auth/v1/register","service":"API-Gateway","timestamp":"2026-06-29T17:11:42.095Z"}
{"level":"info","message":"Proxying request to http://localhost:8001 with url = /api/auth/v1/register","service":"API-Gateway","timestamp":"2026-06-29T17:54:52.508Z"}
{"level":"info","message":"Proxying request to http://localhost:8001 with url = /api/auth/v1/register","service":"API-Gateway","timestamp":"2026-06-29T17:59:23.076Z"}
{"level":"info","message":"Proxying request to http://localhost:8001 with url = /api/auth/v1/login","service":"API-Gateway","timestamp":"2026-06-30T06:38:06.690Z"}
{"level":"info","message":"Proxying request to http://localhost:8001 with url = /api/auth/v1/login","service":"API-Gateway","timestamp":"2026-06-30T06:38:47.430Z"}
{"level":"info","message":"Proxying request to http://localhost:8001 with url = /api/auth/v1/login","service":"API-Gateway","timestamp":"2026-06-30T06:41:04.912Z"}
{"level":"info","message":"Proxying request to http://localhost:8001 with url = /api/auth/v1/login","service":"API-Gateway","timestamp":"2026-06-30T06:41:44.702Z"}
{"level":"info","message":"Proxying request to http://localhost:8001 with url = /v1/api/auth/login","service":"API-Gateway","timestamp":"2026-06-30T06:47:58.790Z"}
{"level":"info","message":"Proxying request to http://localhost:8001 with url = /v1/api/auth/login","service":"API-Gateway","timestamp":"2026-06-30T06:48:01.878Z"}
{"level":"info","message":"Proxying request to http://localhost:8001 with url = /v1/api/auth/login","service":"API-Gateway","timestamp":"2026-06-30T06:57:53.458Z"}
{"level":"info","message":"Proxying request to http://localhost:8001 with url = /v1/api/auth/login","service":"API-Gateway","timestamp":"2026-06-30T07:01:58.999Z"}
{"level":"info","message":"Proxying request to http://localhost:8001 with url = /v1/api/auth/login","service":"API-Gateway","timestamp":"2026-06-30T07:02:04.003Z"}
{"level":"info","message":"Proxying request to http://localhost:8001 with url = /v1/api/auth/login","service":"API-Gateway","timestamp":"2026-06-30T07:03:20.956Z"}
{"level":"info","message":"Proxying request to http://localhost:8001 with url = /v1/api/auth/login","service":"API-Gateway","timestamp":"2026-06-30T07:05:27.144Z"}
{"level":"info","message":"Proxying request to http://localhost:8001 with url = /v1/api/auth/login","service":"API-Gateway","timestamp":"2026-06-30T07:07:42.944Z"}
{"level":"info","message":"Proxying request to http://localhost:8001 with url = /v1/api/auth/login","service":"API-Gateway","timestamp":"2026-06-30T07:08:28.341Z"}
{"level":"info","message":"Proxying request to http://localhost:8001 with url = /v1/api/auth/login","service":"API-Gateway","timestamp":"2026-06-30T07:08:30.748Z"}
{"level":"info","message":"Proxying request to http://localhost:8001 with url = /v1/api/auth/login","service":"API-Gateway","timestamp":"2026-06-30T07:11:48.771Z"}
{"level":"info","message":"Proxying request to http://localhost:8001 with url = /v1/api/auth/login","service":"API-Gateway","timestamp":"2026-06-30T07:14:18.174Z"}
{"level":"info","message":"Proxying request to http://localhost:8001 with url = /v1/api/auth/login","service":"API-Gateway","timestamp":"2026-06-30T07:17:14.960Z"}
{"level":"info","message":"Proxying request to http://localhost:8001 with url = /v1/api/auth/login","service":"API-Gateway","timestamp":"2026-06-30T07:33:12.838Z"}
{"level":"info","message":"Proxying request to http://localhost:8001 with url = /v1/api/auth/register","service":"API-Gateway","timestamp":"2026-06-30T14:15:24.165Z"}
{"level":"info","message":"Proxying request to http://localhost:8001 with url = /v1/api/auth/register","service":"API-Gateway","timestamp":"2026-06-30T14:16:08.512Z"}
{"level":"info","message":"Proxying request to http://localhost:8001 with url = /v1/api/auth/login","service":"API-Gateway","timestamp":"2026-06-30T14:16:33.074Z"}
{"level":"info","message":"Proxying request to http://localhost:8001 with url = /v1/api/auth/login","service":"API-Gateway","timestamp":"2026-07-01T11:40:31.006Z"}
{"level":"info","message":"Proxying request to http://localhost:8001 with url = /v1/api/auth/login","service":"API-Gateway","timestamp":"2026-07-01T11:44:44.041Z"}
{"level":"error","message":"Unauthorized access from API gateway","service":"API-Gateway","timestamp":"2026-07-01T12:22:11.699Z"}
{"level":"error","message":"Unauthorized access from API gateway","service":"API-Gateway","timestamp":"2026-07-01T12:24:00.191Z"}
{"level":"error","message":"Unauthorized access from API gateway","service":"API-Gateway","timestamp":"2026-07-01T12:24:04.734Z"}
{"level":"error","message":"Unauthorized access from API gateway","service":"API-Gateway","timestamp":"2026-07-01T12:24:44.420Z"}
{"level":"error","message":"Unauthorized access from API gateway","service":"API-Gateway","timestamp":"2026-07-01T12:24:50.876Z"}
{"level":"error","message":"Unauthorized access from API gateway Cannot read properties of undefined (reading 'split')","service":"API-Gateway","stack":"TypeError: Cannot read properties of undefined (reading 'split')\n    at isAuthenticated (C:\\Users\\Asus\\Desktop\\RSC CRM\\Gourav\\nodejs\\social-media-microservices\\api-gateway\\src\\middleware\\authMiddleware.js:9:34)\n    at Layer.handleRequest (C:\\Users\\Asus\\Desktop\\RSC CRM\\Gourav\\nodejs\\social-media-microservices\\api-gateway\\node_modules\\router\\lib\\layer.js:152:17)\n    at trimPrefix (C:\\Users\\Asus\\Desktop\\RSC CRM\\Gourav\\nodejs\\social-media-microservices\\api-gateway\\node_modules\\router\\index.js:342:13)\n    at C:\\Users\\Asus\\Desktop\\RSC CRM\\Gourav\\nodejs\\social-media-microservices\\api-gateway\\node_modules\\router\\index.js:297:9\n    at processParams (C:\\Users\\Asus\\Desktop\\RSC CRM\\Gourav\\nodejs\\social-media-microservices\\api-gateway\\node_modules\\router\\index.js:582:12)\n    at next (C:\\Users\\Asus\\Desktop\\RSC CRM\\Gourav\\nodejs\\social-media-microservices\\api-gateway\\node_modules\\router\\index.js:291:5)\n    at C:\\Users\\Asus\\Desktop\\RSC CRM\\Gourav\\nodejs\\social-media-microservices\\api-gateway\\node_modules\\express-rate-limit\\dist\\index.cjs:999:7\n    at process.processTicksAndRejections (node:internal/process/task_queues:103:5)\n    at async C:\\Users\\Asus\\Desktop\\RSC CRM\\Gourav\\nodejs\\social-media-microservices\\api-gateway\\node_modules\\express-rate-limit\\dist\\index.cjs:854:5","timestamp":"2026-07-01T12:25:02.621Z"}
{"level":"warn","message":"Unauthorized access from API gateway","service":"API-Gateway","timestamp":"2026-07-01T12:25:27.096Z"}
{"level":"info","message":"Proxying request to http://localhost:8001 with url = /v1/api/auth/login","service":"API-Gateway","timestamp":"2026-07-01T12:34:09.326Z"}
{"level":"warn","message":"Unauthorized access from API gateway","service":"API-Gateway","timestamp":"2026-07-01T12:36:14.420Z"}
{"level":"info","message":"Proxying request to http://localhost:8002 with url = /v2/api/post/create-post","service":"API-Gateway","timestamp":"2026-07-01T12:36:14.661Z"}
{"level":"warn","message":"Unauthorized access from API gateway","service":"API-Gateway","timestamp":"2026-07-01T12:36:30.483Z"}
{"level":"info","message":"Proxying request to http://localhost:8002 with url = /v2/api/post/create-post","service":"API-Gateway","timestamp":"2026-07-01T12:36:30.547Z"}
{"level":"warn","message":"Unauthorized access from API gateway","service":"API-Gateway","timestamp":"2026-07-01T12:37:47.340Z"}
{"level":"info","message":"Proxying request to http://localhost:8002 with url = /v2/api/post/create-post","service":"API-Gateway","timestamp":"2026-07-01T12:37:47.381Z"}
{"level":"info","message":"Proxying request to http://localhost:8001 with url = /v1/api/auth/login","service":"API-Gateway","timestamp":"2026-07-01T12:37:53.820Z"}
{"level":"info","message":"Proxying request to http://localhost:8001 with url = /v1/api/auth/login","service":"API-Gateway","timestamp":"2026-07-01T12:38:03.049Z"}
{"level":"info","message":"Proxying request to http://localhost:8001 with url = /v1/api/auth/login","service":"API-Gateway","timestamp":"2026-07-01T12:45:48.559Z"}
{"level":"warn","message":"Unauthorized access from API gateway","service":"API-Gateway","timestamp":"2026-07-01T12:46:04.050Z"}
{"level":"info","message":"Proxying request to http://localhost:8002 with url = /v2/api/post/create-post","service":"API-Gateway","timestamp":"2026-07-01T12:46:04.076Z"}
{"level":"warn","message":"Unauthorized access from API gateway","service":"API-Gateway","timestamp":"2026-07-01T12:46:09.484Z"}
{"level":"info","message":"Proxying request to http://localhost:8002 with url = /v2/api/post/create-post","service":"API-Gateway","timestamp":"2026-07-01T12:46:09.498Z"}
{"level":"info","message":"Proxying request to http://localhost:8001 with url = /v1/api/auth/login","service":"API-Gateway","timestamp":"2026-07-01T12:47:32.143Z"}
{"level":"warn","message":"Unauthorized access from API gateway","service":"API-Gateway","timestamp":"2026-07-01T12:48:55.007Z"}
{"level":"info","message":"Proxying request to http://localhost:8002 with url = /v2/api/post/create-post","service":"API-Gateway","timestamp":"2026-07-01T12:48:55.039Z"}
{"level":"warn","message":"Unauthorized access from API gateway","service":"API-Gateway","timestamp":"2026-07-01T12:49:29.890Z"}
{"level":"info","message":"Proxying request to http://localhost:8002 with url = /v2/api/post/create-post","service":"API-Gateway","timestamp":"2026-07-01T12:49:29.909Z"}
{"level":"warn","message":"Unauthorized access from API gateway","service":"API-Gateway","timestamp":"2026-07-01T12:50:41.864Z"}
{"level":"warn","message":"Unauthorized access from API gateway","service":"API-Gateway","timestamp":"2026-07-01T12:51:02.185Z"}
{"level":"info","message":"Proxying request to http://localhost:8002 with url = /v2/api/post/create-post","service":"API-Gateway","timestamp":"2026-07-01T12:51:02.259Z"}
